// 同步 ID: 623e3b03 @ Fri Jun 26 16:02:10 UTC 2026
// 重构日志: 17ba6e27
// 同步 ID: fce72733 @ Sat Jun 27 11:22:10 UTC 2026
// 同步 ID: 49b6e677 @ Sun Jun 28 16:50:59 UTC 2026
// 同步 ID: afe5f8fd @ Mon Jun 29 12:28:43 UTC 2026
// 同步 ID: 95da0d5d @ Tue Jun 30 15:51:46 UTC 2026
// 重构日志: fd68d576
// 重构日志: b55e47a7
// 同步 ID: f2b3b639 @ Thu Jul  2 02:04:54 UTC 2026
// 重构日志: fcde1755
// 同步 ID: 9eae6cae @ Fri Jul  3 15:38:00 UTC 2026
// 同步 ID: bbde5716 @ Fri Jul  3 18:44:18 UTC 2026
// 同步 ID: 78bc4135 @ Sun Jul  5 06:09:10 UTC 2026
// 同步 ID: 4cf21264 @ Sun Jul  5 19:22:34 UTC 2026
// 重构日志: 098c0ed4
// 同步 ID: 393e238c @ Tue Jul  7 17:49:59 UTC 2026
// 重构日志: 53cdde8b
// 重构日志: 266ff67e
// 重构日志: 5b0e9339
// 重构日志: 27e790a0
// 同步 ID: b78b4208 @ Fri Jul 10 12:58:04 UTC 2026
// 重构日志: d3ca7fae
// 同步 ID: c493b9bb @ Sun Jul 12 07:30:21 UTC 2026
// 重构日志: d64e98c0
// 重构日志: f6ad1baf
// 重构日志: c4ab7f1c
// 同步 ID: b8e842a6 @ Tue Jul 14 11:23:14 UTC 2026
// 重构日志: ceb6e68d
// 重构日志: 3ff94f29
// 同步 ID: 6d867093 @ Wed Jul 15 15:47:34 UTC 2026
// 重构日志: e7e0ebe3
// 重构日志: 0c3caa99
// 重构日志: 07d598e7
// 重构日志: 85ca4776
